<?xml version="1.0" encoding="UTF-8"?>
<!-- Generated by org.testng.reporters.JUnitXMLReporter -->
<testsuite ignored="0" hostname="Salils-MacBook-Pro.local" failures="0" tests="5" name="Login" time="0.976" errors="0" timestamp="2022-11-08T20:23:15 IST">
  <testcase classname="org.ac.testUtils.AciOSBase" name="@BeforeClass configurAppium" time="0.791">
    <failure type="org.openqa.selenium.SessionNotCreatedException" message="Could not start a new session. Response code 500. Message: An unknown server-side error occurred while processing the command. Original error: Unknown device or simulator UDID: &amp;apos;00008101-00141D643EC1001E&amp;apos; 
Host info: host: &amp;apos;Salils-MacBook-Pro.local&amp;apos;, ip: &amp;apos;2402:e280:2107:220:7d7c:c093:594c:f303%en0&amp;apos;
Build info: version: &amp;apos;4.6.0&amp;apos;, revision: &amp;apos;79f1c02ae20&amp;apos;
System info: os.name: &amp;apos;Mac OS X&amp;apos;, os.arch: &amp;apos;aarch64&amp;apos;, os.version: &amp;apos;12.6&amp;apos;, java.version: &amp;apos;11.0.16.1&amp;apos;
Driver info: io.appium.java_client.ios.IOSDriver
Command: [null, newSession {capabilities=[{appium:udid=00008101-00141D643EC1001E, appium:xcodeOrgId=6Q7P92J7P9, appium:wdaLaunchTimeout=20000, appium:xcodeSigningId=iPhone Developer, appium:deviceName=SaliliPhone, platformName=IOS, appium:automationName=XCuiTest, appium:platformVersion=16.0}], desiredCapabilities=Capabilities {appium:automationName: XCuiTest, appium:deviceName: SaliliPhone, appium:platformVersion: 16.0, appium:udid: 00008101-00141D643EC1001E, appium:wdaLaunchTimeout: 20000, appium:xcodeOrgId: 6Q7P92J7P9, appium:xcodeSigningId: iPhone Developer, platformName: IOS}}]
Capabilities {}">
      <![CDATA[org.openqa.selenium.SessionNotCreatedException: Could not start a new session. Response code 500. Message: An unknown server-side error occurred while processing the command. Original error: Unknown device or simulator UDID: '00008101-00141D643EC1001E' 
Host info: host: 'Salils-MacBook-Pro.local', ip: '2402:e280:2107:220:7d7c:c093:594c:f303%en0'
Build info: version: '4.6.0', revision: '79f1c02ae20'
System info: os.name: 'Mac OS X', os.arch: 'aarch64', os.version: '12.6', java.version: '11.0.16.1'
Driver info: io.appium.java_client.ios.IOSDriver
Command: [null, newSession {capabilities=[{appium:udid=00008101-00141D643EC1001E, appium:xcodeOrgId=6Q7P92J7P9, appium:wdaLaunchTimeout=20000, appium:xcodeSigningId=iPhone Developer, appium:deviceName=SaliliPhone, platformName=IOS, appium:automationName=XCuiTest, appium:platformVersion=16.0}], desiredCapabilities=Capabilities {appium:automationName: XCuiTest, appium:deviceName: SaliliPhone, appium:platformVersion: 16.0, appium:udid: 00008101-00141D643EC1001E, appium:wdaLaunchTimeout: 20000, appium:xcodeOrgId: 6Q7P92J7P9, appium:xcodeSigningId: iPhone Developer, platformName: IOS}}]
Capabilities {}
at org.openqa.selenium.remote.ProtocolHandshake.createSession(ProtocolHandshake.java:146)
at io.appium.java_client.remote.AppiumProtocolHandshake.createSession(AppiumProtocolHandshake.java:126)
at io.appium.java_client.remote.AppiumProtocolHandshake.createSession(AppiumProtocolHandshake.java:102)
at io.appium.java_client.remote.AppiumCommandExecutor.createSession(AppiumCommandExecutor.java:146)
at io.appium.java_client.remote.AppiumCommandExecutor.execute(AppiumCommandExecutor.java:180)
at org.openqa.selenium.remote.RemoteWebDriver.execute(RemoteWebDriver.java:541)
at io.appium.java_client.AppiumDriver.startSession(AppiumDriver.java:224)
at org.openqa.selenium.remote.RemoteWebDriver.<init>(RemoteWebDriver.java:157)
at io.appium.java_client.AppiumDriver.<init>(AppiumDriver.java:79)
at io.appium.java_client.AppiumDriver.<init>(AppiumDriver.java:87)
at io.appium.java_client.ios.IOSDriver.<init>(IOSDriver.java:105)
at org.ac.testUtils.AciOSBase.configurAppium(AciOSBase.java:47)
at java.base/java.util.ArrayList.forEach(ArrayList.java:1541)
... Removed 29 stack frames]]>
    </failure>
  </testcase> <!-- @BeforeClass configurAppium -->
  <testcase classname="org.ac.testUtils.AciOSBase" name="@AfterClass tearDown" time="0.0">
    <failure type="java.lang.NullPointerException">
      <![CDATA[java.lang.NullPointerException
at org.ac.testUtils.AciOSBase.tearDown(AciOSBase.java:62)
at java.base/java.util.ArrayList.forEach(ArrayList.java:1541)
... Removed 25 stack frames]]>
    </failure>
  </testcase> <!-- @AfterClass tearDown -->
  <testcase classname="org.ac.ios.IOSLogin" name="IOS_Login_Tc1_Valid_Login_With_MailAndPhone" time="0.0">
    <skipped/>
  </testcase> <!-- IOS_Login_Tc1_Valid_Login_With_MailAndPhone -->
  <testcase classname="org.ac.ios.IOSLogin" name="IOS_Login_Tc1_Valid_Login_With_MailAndPhone" time="0.0">
    <skipped/>
  </testcase> <!-- IOS_Login_Tc1_Valid_Login_With_MailAndPhone -->
  <testcase classname="org.ac.ios.IOSLogin" name="IOSLogin_Tc10_ChangePassword" time="0.0">
    <skipped/>
  </testcase> <!-- IOSLogin_Tc10_ChangePassword -->
  <testcase classname="org.ac.ios.IOSLogin" name="IOS_Login_Tc8_LoginWithNoInternet" time="0.0">
    <skipped/>
  </testcase> <!-- IOS_Login_Tc8_LoginWithNoInternet -->
  <testcase classname="org.ac.ios.IOSLogin" name="IOS_Login_Tc11_DeleteUser" time="0.0">
    <skipped/>
  </testcase> <!-- IOS_Login_Tc11_DeleteUser -->
</testsuite> <!-- Login -->
