<?xml version="1.0" encoding="UTF-8"?>
<!-- Generated by org.testng.reporters.JUnitXMLReporter -->
<testsuite ignored="2" hostname="Salils-MacBook-Pro.local" failures="1" tests="1" name="Default test" time="31.107" errors="0" timestamp="2022-11-25T13:52:54 IST">
  <testcase classname="org.ac.ios.IOSNoticeBoard" name="Android_NoticeBoard_Tc11_Edit_The_Date" time="28.845">
    <failure type="org.openqa.selenium.NoSuchElementException" message="An element could not be located on the page using the given search parameters.
For documentation on this error, please visit: https://selenium.dev/exceptions/#no_such_element
Build info: version: &amp;apos;4.6.0&amp;apos;, revision: &amp;apos;79f1c02ae20&amp;apos;
System info: os.name: &amp;apos;Mac OS X&amp;apos;, os.arch: &amp;apos;aarch64&amp;apos;, os.version: &amp;apos;12.6&amp;apos;, java.version: &amp;apos;11.0.16.1&amp;apos;
Driver info: io.appium.java_client.ios.IOSDriver
Command: [4837bf9c-e834-4f40-8749-e35122d1315b, findElement {using=accessibility id, value=notice_moreBtn}]
Capabilities {appium:automationName: XCuiTest, appium:databaseEnabled: false, appium:deviceName: SaliliPhone, appium:javascriptEnabled: true, appium:locationContextEnabled: false, appium:networkConnectionEnabled: false, appium:platformVersion: 16.0, appium:takesScreenshot: true, appium:udid: 00008101-00141D643EC1001E, appium:wdaLaunchTimeout: 20000, appium:webStorageEnabled: false, appium:xcodeOrgId: 6Q7P92J7P9, appium:xcodeSigningId: iPhone Developer, platformName: IOS}
Session ID: 4837bf9c-e834-4f40-8749-e35122d1315b">
      <![CDATA[org.openqa.selenium.NoSuchElementException: An element could not be located on the page using the given search parameters.
For documentation on this error, please visit: https://selenium.dev/exceptions/#no_such_element
Build info: version: '4.6.0', revision: '79f1c02ae20'
System info: os.name: 'Mac OS X', os.arch: 'aarch64', os.version: '12.6', java.version: '11.0.16.1'
Driver info: io.appium.java_client.ios.IOSDriver
Command: [4837bf9c-e834-4f40-8749-e35122d1315b, findElement {using=accessibility id, value=notice_moreBtn}]
Capabilities {appium:automationName: XCuiTest, appium:databaseEnabled: false, appium:deviceName: SaliliPhone, appium:javascriptEnabled: true, appium:locationContextEnabled: false, appium:networkConnectionEnabled: false, appium:platformVersion: 16.0, appium:takesScreenshot: true, appium:udid: 00008101-00141D643EC1001E, appium:wdaLaunchTimeout: 20000, appium:webStorageEnabled: false, appium:xcodeOrgId: 6Q7P92J7P9, appium:xcodeSigningId: iPhone Developer, platformName: IOS}
Session ID: 4837bf9c-e834-4f40-8749-e35122d1315b
at java.base/jdk.internal.reflect.NativeConstructorAccessorImpl.newInstance0(Native Method)
at java.base/jdk.internal.reflect.NativeConstructorAccessorImpl.newInstance(NativeConstructorAccessorImpl.java:62)
at java.base/jdk.internal.reflect.DelegatingConstructorAccessorImpl.newInstance(DelegatingConstructorAccessorImpl.java:45)
at java.base/java.lang.reflect.Constructor.newInstance(Constructor.java:490)
at org.openqa.selenium.remote.codec.w3c.W3CHttpResponseCodec.createException(W3CHttpResponseCodec.java:200)
at org.openqa.selenium.remote.codec.w3c.W3CHttpResponseCodec.decode(W3CHttpResponseCodec.java:133)
at org.openqa.selenium.remote.codec.w3c.W3CHttpResponseCodec.decode(W3CHttpResponseCodec.java:53)
at org.openqa.selenium.remote.HttpCommandExecutor.execute(HttpCommandExecutor.java:184)
at io.appium.java_client.remote.AppiumCommandExecutor.execute(AppiumCommandExecutor.java:180)
at org.openqa.selenium.remote.RemoteWebDriver.execute(RemoteWebDriver.java:541)
at org.openqa.selenium.remote.ElementLocation$ElementFinder$2.findElement(ElementLocation.java:162)
at org.openqa.selenium.remote.ElementLocation.findElement(ElementLocation.java:60)
at org.openqa.selenium.remote.RemoteWebDriver.findElement(RemoteWebDriver.java:365)
at org.openqa.selenium.remote.RemoteWebDriver.findElement(RemoteWebDriver.java:357)
at org.ac.utils.IosActions.ScrollToMoreOption(IosActions.java:33)
at org.ac.pageObject.ios.AdminPageIos.scrollToMore(AdminPageIos.java:297)
at org.ac.ios.IOSNoticeBoard.Android_NoticeBoard_Tc11_Edit_The_Date(IOSNoticeBoard.java:139)
at java.base/jdk.internal.reflect.NativeMethodAccessorImpl.invoke0(Native Method)
at java.base/jdk.internal.reflect.NativeMethodAccessorImpl.invoke(NativeMethodAccessorImpl.java:62)
at java.base/jdk.internal.reflect.DelegatingMethodAccessorImpl.invoke(DelegatingMethodAccessorImpl.java:43)
at java.base/java.lang.reflect.Method.invoke(Method.java:566)
at org.testng.internal.MethodInvocationHelper.invokeMethod(MethodInvocationHelper.java:133)
at org.testng.internal.TestInvoker.invokeMethod(TestInvoker.java:598)
at org.testng.internal.TestInvoker.invokeTestMethod(TestInvoker.java:173)
at org.testng.internal.MethodRunner.runInSequence(MethodRunner.java:46)
at org.testng.internal.TestInvoker$MethodInvocationAgent.invoke(TestInvoker.java:824)
at org.testng.internal.TestInvoker.invokeTestMethods(TestInvoker.java:146)
at org.testng.internal.TestMethodWorker.invokeTestMethods(TestMethodWorker.java:146)
at org.testng.internal.TestMethodWorker.run(TestMethodWorker.java:128)
at java.base/java.util.ArrayList.forEach(ArrayList.java:1541)
at org.testng.TestRunner.privateRun(TestRunner.java:794)
at org.testng.TestRunner.run(TestRunner.java:596)
at org.testng.SuiteRunner.runTest(SuiteRunner.java:377)
at org.testng.SuiteRunner.runSequentially(SuiteRunner.java:371)
at org.testng.SuiteRunner.privateRun(SuiteRunner.java:332)
at org.testng.SuiteRunner.run(SuiteRunner.java:276)
at org.testng.SuiteRunnerWorker.runSuite(SuiteRunnerWorker.java:53)
at org.testng.SuiteRunnerWorker.run(SuiteRunnerWorker.java:96)
at org.testng.TestNG.runSuitesSequentially(TestNG.java:1212)
at org.testng.TestNG.runSuitesLocally(TestNG.java:1134)
at org.testng.TestNG.runSuites(TestNG.java:1063)
at org.testng.TestNG.run(TestNG.java:1031)
at org.testng.remote.AbstractRemoteTestNG.run(AbstractRemoteTestNG.java:115)
at org.testng.remote.RemoteTestNG.initAndRun(RemoteTestNG.java:251)
at org.testng.remote.RemoteTestNG.main(RemoteTestNG.java:77)
]]>
    </failure>
  </testcase> <!-- Android_NoticeBoard_Tc11_Edit_The_Date -->
  <testcase classname="org.ac.ios.IOSNoticeBoard" name="Ios_NoticeBoard_Tc6_Approve_Reject_Delete_Notice" time="0.0">
    <ignored/>
  </testcase> <!-- Ios_NoticeBoard_Tc6_Approve_Reject_Delete_Notice -->
  <testcase classname="org.ac.ios.IOSNoticeBoard" name="Ios_NoticeBoard_Tc1_Pending_4_Approval" time="0.0">
    <ignored/>
  </testcase> <!-- Ios_NoticeBoard_Tc1_Pending_4_Approval -->
</testsuite> <!-- Default test -->
